{"numFailedTestSuites":0,"numFailedTests":0,"numPassedTestSuites":1,"numPassedTests":6,"numPendingTestSuites":0,"numPendingTests":0,"numRuntimeErrorTestSuites":0,"numTodoTests":0,"numTotalTestSuites":1,"numTotalTests":6,"openHandles":[],"snapshot":{"added":0,"didUpdate":false,"failure":false,"filesAdded":0,"filesRemoved":0,"filesRemovedList":[],"filesUnmatched":0,"filesUpdated":0,"matched":0,"total":0,"unchecked":0,"uncheckedKeysByFile":[],"unmatched":0,"updated":0},"startTime":1784677728454,"success":true,"testResults":[{"assertionResults":[{"ancestorTitles":["multiplayer integration"],"duration":314,"failing":false,"failureDetails":[],"failureMessages":[],"fullName":"multiplayer integration two players connect and authenticate","invocations":1,"location":null,"numPassingAsserts":4,"retryReasons":[],"startAt":1784677730175,"status":"passed","title":"two players connect and authenticate"},{"ancestorTitles":["multiplayer integration"],"duration":278,"failing":false,"failureDetails":[],"failureMessages":[],"fullName":"multiplayer integration players can find a match and enter lobby","invocations":1,"location":null,"numPassingAsserts":4,"retryReasons":[],"startAt":1784677730492,"status":"passed","title":"players can find a match and enter lobby"},{"ancestorTitles":["multiplayer integration"],"duration":3317,"failing":false,"failureDetails":[],"failureMessages":[],"fullName":"multiplayer integration match starts when minimum players ready","invocations":1,"location":null,"numPassingAsserts":6,"retryReasons":[],"startAt":1784677730771,"status":"passed","title":"match starts when minimum players ready"},{"ancestorTitles":["multiplayer integration"],"duration":3406,"failing":false,"failureDetails":[],"failureMessages":[],"fullName":"multiplayer integration server emits authoritative game state","invocations":1,"location":null,"numPassingAsserts":3,"retryReasons":[],"startAt":1784677734089,"status":"passed","title":"server emits authoritative game state"},{"ancestorTitles":["multiplayer integration"],"duration":3784,"failing":false,"failureDetails":[],"failureMessages":[],"fullName":"multiplayer integration invalid inputs are rejected","invocations":1,"location":null,"numPassingAsserts":0,"retryReasons":[],"startAt":1784677737495,"status":"passed","title":"invalid inputs are rejected"},{"ancestorTitles":["multiplayer integration"],"duration":4902,"failing":false,"failureDetails":[],"failureMessages":[],"fullName":"multiplayer integration disconnected players are marked dead","invocations":1,"location":null,"numPassingAsserts":1,"retryReasons":[],"startAt":1784677741280,"status":"passed","title":"disconnected players are marked dead"}],"endTime":1784677746191,"message":"","name":"C:\\Users\\ocelo\\.vscode\\lizardrunner\\lizardserver\\tests\\multiplayer.integration.test.js","startTime":1784677728567,"status":"passed","summary":""}],"wasInterrupted":false}
